2022-10-20 18:35:42.897 INFO [main][StartupInfoLogger.java:55] - Starting PackageToolApplication using Java 1.8.0_345 on fengjinhe with PID 9172 (C:\Users\冯金河\IdeaProjects\PackageTool\target\classes started by 冯金河 in C:\Users\冯金河\IdeaProjects\PackageTool)
2022-10-20 18:35:42.906 INFO [main][SpringApplication.java:660] - No active profile set, falling back to default profiles: default
2022-10-20 18:35:43.584 INFO [main][RepositoryConfigurationDelegate.java:128] - Bootstrapping Spring Data JPA repositories in DEFAULT mode.
2022-10-20 18:35:43.597 INFO [main][RepositoryConfigurationDelegate.java:188] - Finished Spring Data repository scanning in 8 ms. Found 0 JPA repository interfaces.
2022-10-20 18:35:43.909 INFO [main][TomcatWebServer.java:108] - Tomcat initialized with port(s): 19801 (http)
2022-10-20 18:35:43.915 INFO [main][DirectJDKLog.java:173] - Initializing ProtocolHandler ["http-nio-19801"]
2022-10-20 18:35:43.915 INFO [main][DirectJDKLog.java:173] - Starting service [Tomcat]
2022-10-20 18:35:43.915 INFO [main][DirectJDKLog.java:173] - Starting Servlet engine: [Apache Tomcat/9.0.41]
2022-10-20 18:35:43.983 INFO [main][DirectJDKLog.java:173] - Initializing Spring embedded WebApplicationContext
2022-10-20 18:35:43.983 INFO [main][ServletWebServerApplicationContext.java:289] - Root WebApplicationContext: initialization completed in 1018 ms
2022-10-20 18:35:43.987 INFO [main][DruidDataSourceAutoConfigure.java:56] - Init DruidDataSource
2022-10-20 18:35:44.049 ERROR [main][DruidDataSource.java:1206] - testWhileIdle is true, validationQuery not set
2022-10-20 18:35:44.054 INFO [main][DruidDataSource.java:1003] - {dataSource-1} inited
2022-10-20 18:35:44.157 INFO [main][H2ConsoleAutoConfiguration.java:68] - H2 console available at '/h2-console'. Database available at 'jdbc:h2:file:../PackageTool/data/H2DataBase/h2db'
2022-10-20 18:35:44.236 INFO [main][LogHelper.java:31] - HHH000204: Processing PersistenceUnitInfo [name: default]
2022-10-20 18:35:44.272 INFO [main][Version.java:44] - HHH000412: Hibernate ORM core version 5.4.25.Final
2022-10-20 18:35:44.367 INFO [main][JavaReflectionManager.java:56] - HCANN000001: Hibernate Commons Annotations {5.1.2.Final}
2022-10-20 18:35:44.429 INFO [main][Dialect.java:175] - HHH000400: Using dialect: org.hibernate.dialect.H2Dialect
2022-10-20 18:35:44.752 INFO [main][JtaPlatformInitiator.java:52] - HHH000490: Using JtaPlatform implementation: [org.hibernate.engine.transaction.jta.platform.internal.NoJtaPlatform]
2022-10-20 18:35:44.757 INFO [main][AbstractEntityManagerFactoryBean.java:437] - Initialized JPA EntityManagerFactory for persistence unit 'default'
2022-10-20 18:35:45.358 INFO [main][ExecutorConfigurationSupport.java:181] - Initializing ExecutorService 'applicationTaskExecutor'
2022-10-20 18:35:45.370 INFO [main][WelcomePageHandlerMapping.java:54] - Adding welcome page: class path resource [static/index.html]
2022-10-20 18:35:45.424 INFO [main][DirectJDKLog.java:173] - Starting ProtocolHandler ["http-nio-19801"]
2022-10-20 18:35:45.440 INFO [main][TomcatWebServer.java:220] - Tomcat started on port(s): 19801 (http) with context path ''
2022-10-20 18:35:45.628 INFO [main][StartupInfoLogger.java:61] - Started PackageToolApplication in 3.009 seconds (JVM running for 3.961)
2022-10-20 22:21:01.788 INFO [SpringContextShutdownHook][ExecutorConfigurationSupport.java:218] - Shutting down ExecutorService 'applicationTaskExecutor'
2022-10-20 22:21:01.788 INFO [SpringContextShutdownHook][AbstractEntityManagerFactoryBean.java:651] - Closing JPA EntityManagerFactory for persistence unit 'default'
2022-10-20 22:21:01.819 INFO [SpringContextShutdownHook][DruidDataSource.java:1948] - {dataSource-1} closing ...
2022-10-20 22:21:01.819 INFO [SpringContextShutdownHook][DruidDataSource.java:2020] - {dataSource-1} closed
