2022-10-22 08:34:25.791 INFO [main][StartupInfoLogger.java:55] - Starting PackageToolApplication using Java 1.8.0_345 on fengjinhe with PID 21296 (C:\Users\冯金河\IdeaProjects\PackageTool\target\classes started by 冯金河 in C:\Users\冯金河\IdeaProjects\PackageTool)
2022-10-22 08:34:25.791 INFO [main][SpringApplication.java:660] - No active profile set, falling back to default profiles: default
2022-10-22 08:34:26.287 INFO [main][RepositoryConfigurationDelegate.java:128] - Bootstrapping Spring Data JPA repositories in DEFAULT mode.
2022-10-22 08:34:26.294 INFO [main][RepositoryConfigurationDelegate.java:188] - Finished Spring Data repository scanning in 7 ms. Found 0 JPA repository interfaces.
2022-10-22 08:34:26.549 INFO [main][TomcatWebServer.java:108] - Tomcat initialized with port(s): 19801 (http)
2022-10-22 08:34:26.564 INFO [main][DirectJDKLog.java:173] - Initializing ProtocolHandler ["http-nio-19801"]
2022-10-22 08:34:26.564 INFO [main][DirectJDKLog.java:173] - Starting service [Tomcat]
2022-10-22 08:34:26.564 INFO [main][DirectJDKLog.java:173] - Starting Servlet engine: [Apache Tomcat/9.0.41]
2022-10-22 08:34:26.613 INFO [main][DirectJDKLog.java:173] - Initializing Spring embedded WebApplicationContext
2022-10-22 08:34:26.613 INFO [main][ServletWebServerApplicationContext.java:289] - Root WebApplicationContext: initialization completed in 790 ms
2022-10-22 08:34:26.613 INFO [main][DruidDataSourceAutoConfigure.java:56] - Init DruidDataSource
2022-10-22 08:34:26.674 ERROR [main][DruidDataSource.java:1206] - testWhileIdle is true, validationQuery not set
2022-10-22 08:34:26.674 INFO [main][DruidDataSource.java:1003] - {dataSource-1} inited
2022-10-22 08:34:26.800 INFO [main][H2ConsoleAutoConfiguration.java:68] - H2 console available at '/h2-console'. Database available at 'jdbc:h2:file:../PackageTool/data/H2DataBase/h2db'
2022-10-22 08:34:26.863 INFO [main][LogHelper.java:31] - HHH000204: Processing PersistenceUnitInfo [name: default]
2022-10-22 08:34:26.894 INFO [main][Version.java:44] - HHH000412: Hibernate ORM core version 5.4.25.Final
2022-10-22 08:34:26.941 INFO [main][JavaReflectionManager.java:56] - HCANN000001: Hibernate Commons Annotations {5.1.2.Final}
2022-10-22 08:34:26.988 INFO [main][Dialect.java:175] - HHH000400: Using dialect: org.hibernate.dialect.H2Dialect
2022-10-22 08:34:27.271 INFO [main][JtaPlatformInitiator.java:52] - HHH000490: Using JtaPlatform implementation: [org.hibernate.engine.transaction.jta.platform.internal.NoJtaPlatform]
2022-10-22 08:34:27.271 INFO [main][AbstractEntityManagerFactoryBean.java:437] - Initialized JPA EntityManagerFactory for persistence unit 'default'
2022-10-22 08:34:27.914 INFO [main][ExecutorConfigurationSupport.java:181] - Initializing ExecutorService 'applicationTaskExecutor'
2022-10-22 08:34:27.993 INFO [main][DirectJDKLog.java:173] - Starting ProtocolHandler ["http-nio-19801"]
2022-10-22 08:34:27.993 INFO [main][TomcatWebServer.java:220] - Tomcat started on port(s): 19801 (http) with context path ''
2022-10-22 08:34:28.216 INFO [main][StartupInfoLogger.java:61] - Started PackageToolApplication in 2.631 seconds (JVM running for 3.424)
2022-10-22 08:34:32.277 INFO [SpringContextShutdownHook][ExecutorConfigurationSupport.java:218] - Shutting down ExecutorService 'applicationTaskExecutor'
2022-10-22 08:34:32.277 INFO [SpringContextShutdownHook][AbstractEntityManagerFactoryBean.java:651] - Closing JPA EntityManagerFactory for persistence unit 'default'
2022-10-22 08:34:32.277 INFO [SpringContextShutdownHook][DruidDataSource.java:1948] - {dataSource-1} closing ...
2022-10-22 08:34:32.277 INFO [SpringContextShutdownHook][DruidDataSource.java:2020] - {dataSource-1} closed
